Release 14.7 - xst P.20131013 (nt64)
Copyright (c) 1995-2013 Xilinx, Inc.  All rights reserved.
--> Parameter TMPDIR set to xst/projnav.tmp


Total REAL time to Xst completion: 1.00 secs
Total CPU time to Xst completion: 0.35 secs
 
--> Parameter xsthdpdir set to xst


Total REAL time to Xst completion: 1.00 secs
Total CPU time to Xst completion: 0.35 secs
 
--> Reading design: Asynch_counter.prj

TABLE OF CONTENTS
  1) Synthesis Options Summary
  2) HDL Parsing
  3) HDL Elaboration
  4) HDL Synthesis
       4.1) HDL Synthesis Report
  5) Advanced HDL Synthesis
       5.1) Advanced HDL Synthesis Report
  6) Low Level Synthesis
  7) Partition Report
  8) Design Summary
       8.1) Primitive and Black Box Usage
       8.2) Device utilization summary
       8.3) Partition Resource Summary
       8.4) Timing Report
            8.4.1) Clock Information
            8.4.2) Asynchronous Control Signals Information
            8.4.3) Timing Summary
            8.4.4) Timing Details
            8.4.5) Cross Clock Domains Report


=========================================================================
*                      Synthesis Options Summary                        *
=========================================================================
---- Source Parameters
Input File Name                    : "Asynch_counter.prj"
Ignore Synthesis Constraint File   : NO

---- Target Parameters
Output File Name                   : "Asynch_counter"
Output Format                      : NGC
Target Device                      : xc7a100t-3-csg324

---- Source Options
Top Module Name                    : Asynch_counter
Automatic FSM Extraction           : YES
FSM Encoding Algorithm             : Auto
Safe Implementation                : No
FSM Style                          : LUT
RAM Extraction                     : Yes
RAM Style                          : Auto
ROM Extraction                     : Yes
Shift Register Extraction          : YES
ROM Style                          : Auto
Resource Sharing                   : YES
Asynchronous To Synchronous        : NO
Shift Register Minimum Size        : 2
Use DSP Block                      : Auto
Automatic Register Balancing       : No

---- Target Options
LUT Combining                      : Auto
Reduce Control Sets                : Auto
Add IO Buffers                     : YES
Global Maximum Fanout              : 100000
Add Generic Clock Buffer(BUFG)     : 32
Register Duplication               : YES
Optimize Instantiated Primitives   : NO
Use Clock Enable                   : Auto
Use Synchronous Set                : Auto
Use Synchronous Reset              : Auto
Pack IO Registers into IOBs        : Auto
Equivalent register Removal        : YES

---- General Options
Optimization Goal                  : Speed
Optimization Effort                : 1
Power Reduction                    : NO
Keep Hierarchy                     : No
Netlist Hierarchy                  : As_Optimized
RTL Output                         : Yes
Global Optimization                : AllClockNets
Read Cores                         : YES
Write Timing Constraints           : NO
Cross Clock Analysis               : NO
Hierarchy Separator                : /
Bus Delimiter                      : <>
Case Specifier                     : Maintain
Slice Utilization Ratio            : 100
BRAM Utilization Ratio             : 100
DSP48 Utilization Ratio            : 100
Auto BRAM Packing                  : NO
Slice Utilization Ratio Delta      : 5

=========================================================================


=========================================================================
*                          HDL Parsing                                  *
=========================================================================
Analyzing Verilog file "C:\Users\Bhagya Anil\OneDrive\Desktop\Verilog\Asynch_counter\Asynch_counter.v" into library work
Parsing module <Asynch_counter>.
Parsing module <T_FF>.

=========================================================================
*                            HDL Elaboration                            *
=========================================================================

Elaborating module <Asynch_counter>.

Elaborating module <T_FF>.

=========================================================================
*                           HDL Synthesis                               *
=========================================================================

Synthesizing Unit <Asynch_counter>.
    Related source file is "C:\Users\Bhagya Anil\OneDrive\Desktop\Verilog\Asynch_counter\Asynch_counter.v".
    Summary:
	no macro.
Unit <Asynch_counter> synthesized.

Synthesizing Unit <T_FF>.
    Related source file is "C:\Users\Bhagya Anil\OneDrive\Desktop\Verilog\Asynch_counter\Asynch_counter.v".
    Found 1-bit register for signal <q>.
    Summary:
	inferred   1 D-type flip-flop(s).
Unit <T_FF> synthesized.

=========================================================================
HDL Synthesis Report

Macro Statistics
# Registers                                            : 4
 1-bit register                                        : 4

=========================================================================

=========================================================================
*                       Advanced HDL Synthesis                          *
=========================================================================


=========================================================================
Advanced HDL Synthesis Report

Macro Statistics
# Registers                                            : 4
 Flip-Flops                                            : 4

=========================================================================

=========================================================================
*                         Low Level Synthesis                           *
=========================================================================

Optimizing unit <Asynch_counter> ...

Mapping all equations...
Building and optimizing final netlist ...
Found area constraint ratio of 100 (+ 5) on block Asynch_counter, actual ratio is 0.

Final Macro Processing ...

=========================================================================
Final Register Report

Macro Statistics
# Registers                                            : 4
 Flip-Flops                                            : 4

=========================================================================

=========================================================================
*                           Partition Report                            *
=========================================================================

Partition Implementation Status
-------------------------------

  No Partitions were found in this design.

-------------------------------

=========================================================================
*                            Design Summary                             *
=========================================================================

Top Level Output File Name         : Asynch_counter.ngc

Primitive and Black Box Usage:
------------------------------
# BELS                             : 4
#      INV                         : 4
# FlipFlops/Latches                : 4
#      FDRE                        : 4
# Clock Buffers                    : 1
#      BUFGP                       : 1
# IO Buffers                       : 6
#      IBUF                        : 2
#      OBUF                        : 4

Device utilization summary:
---------------------------

Selected Device : 7a100tcsg324-3 


Slice Logic Utilization: 
 Number of Slice Registers:               4  out of  126800     0%  
 Number of Slice LUTs:                    4  out of  63400     0%  
    Number used as Logic:                 4  out of  63400     0%  

Slice Logic Distribution: 
 Number of LUT Flip Flop pairs used:      8
   Number with an unused Flip Flop:       4  out of      8    50%  
   Number with an unused LUT:             4  out of      8    50%  
   Number of fully used LUT-FF pairs:     0  out of      8     0%  
   Number of unique control sets:         4

IO Utilization: 
 Number of IOs:                           7
 Number of bonded IOBs:                   7  out of    210     3%  

Specific Feature Utilization:
 Number of BUFG/BUFGCTRLs:                1  out of     32     3%  

---------------------------
Partition Resource Summary:
---------------------------

  No Partitions were found in this design.

---------------------------


=========================================================================
Timing Report

NOTE: THESE TIMING NUMBERS ARE ONLY A SYNTHESIS ESTIMATE.
      FOR ACCURATE TIMING INFORMATION PLEASE REFER TO THE TRACE REPORT
      GENERATED AFTER PLACE-and-ROUTE.

Clock Information:
------------------
-----------------------------------+------------------------+-------+
Clock Signal                       | Clock buffer(FF name)  | Load  |
-----------------------------------+------------------------+-------+
t3/q                               | NONE(t4/q)             | 1     |
t2/q                               | NONE(t3/q)             | 1     |
t1/q                               | NONE(t2/q)             | 1     |
clk                                | BUFGP                  | 1     |
-----------------------------------+------------------------+-------+
INFO:Xst:2169 - HDL ADVISOR - Some clock signals were not automatically buffered by XST with BUFG/BUFR resources. Please use the buffer_type constraint in order to insert these buffers to the clock signals to help prevent skew problems.

Asynchronous Control Signals Information:
----------------------------------------
No asynchronous control signals found in this design

Timing Summary:
---------------
Speed Grade: -3

   Minimum period: 1.049ns (Maximum Frequency: 953.289MHz)
   Minimum input arrival time before clock: 0.643ns
   Maximum output required time after clock: 0.645ns
   Maximum combinational path delay: No path found

Timing Details:
---------------
All values displayed in nanoseconds (ns)

=========================================================================
Timing constraint: Default period analysis for Clock 't3/q'
  Clock period: 1.045ns (frequency: 957.121MHz)
  Total number of paths / destination ports: 1 / 1
-------------------------------------------------------------------------
Delay:               1.045ns (Levels of Logic = 1)
  Source:            t4/q (FF)
  Destination:       t4/q (FF)
  Source Clock:      t3/q falling
  Destination Clock: t3/q falling

  Data Path: t4/q to t4/q
                                Gate     Net
    Cell:in->out      fanout   Delay   Delay  Logical Name (Net Name)
    ----------------------------------------  ------------
     FDRE:C->Q             2   0.361   0.284  t4/q (t4/q)
     INV:I->O              1   0.113   0.279  t4/q_INV_2_o1_INV_0 (t4/q_INV_2_o)
     FDRE:D                    0.008          t4/q
    ----------------------------------------
    Total                      1.045ns (0.482ns logic, 0.563ns route)
                                       (46.1% logic, 53.9% route)

=========================================================================
Timing constraint: Default period analysis for Clock 't2/q'
  Clock period: 1.049ns (frequency: 953.289MHz)
  Total number of paths / destination ports: 1 / 1
-------------------------------------------------------------------------
Delay:               1.049ns (Levels of Logic = 1)
  Source:            t3/q (FF)
  Destination:       t3/q (FF)
  Source Clock:      t2/q falling
  Destination Clock: t2/q falling

  Data Path: t3/q to t3/q
                                Gate     Net
    Cell:in->out      fanout   Delay   Delay  Logical Name (Net Name)
    ----------------------------------------  ------------
     FDRE:C->Q             2   0.361   0.283  t3/q (t3/q)
     INV:I->O              2   0.113   0.283  q[2]_INV_5_o1_INV_0 (q[2]_INV_5_o)
     FDRE:D                    0.008          t3/q
    ----------------------------------------
    Total                      1.049ns (0.482ns logic, 0.567ns route)
                                       (45.9% logic, 54.1% route)

=========================================================================
Timing constraint: Default period analysis for Clock 't1/q'
  Clock period: 1.049ns (frequency: 953.289MHz)
  Total number of paths / destination ports: 1 / 1
-------------------------------------------------------------------------
Delay:               1.049ns (Levels of Logic = 1)
  Source:            t2/q (FF)
  Destination:       t2/q (FF)
  Source Clock:      t1/q falling
  Destination Clock: t1/q falling

  Data Path: t2/q to t2/q
                                Gate     Net
    Cell:in->out      fanout   Delay   Delay  Logical Name (Net Name)
    ----------------------------------------  ------------
     FDRE:C->Q             2   0.361   0.283  t2/q (t2/q)
     INV:I->O              2   0.113   0.283  q[1]_INV_4_o1_INV_0 (q[1]_INV_4_o)
     FDRE:D                    0.008          t2/q
    ----------------------------------------
    Total                      1.049ns (0.482ns logic, 0.567ns route)
                                       (45.9% logic, 54.1% route)

=========================================================================
Timing constraint: Default period analysis for Clock 'clk'
  Clock period: 1.049ns (frequency: 953.289MHz)
  Total number of paths / destination ports: 1 / 1
-------------------------------------------------------------------------
Delay:               1.049ns (Levels of Logic = 1)
  Source:            t1/q (FF)
  Destination:       t1/q (FF)
  Source Clock:      clk rising
  Destination Clock: clk rising

  Data Path: t1/q to t1/q
                                Gate     Net
    Cell:in->out      fanout   Delay   Delay  Logical Name (Net Name)
    ----------------------------------------  ------------
     FDRE:C->Q             2   0.361   0.283  t1/q (t1/q)
     INV:I->O              2   0.113   0.283  q[0]_INV_3_o1_INV_0 (q[0]_INV_3_o)
     FDRE:D                    0.008          t1/q
    ----------------------------------------
    Total                      1.049ns (0.482ns logic, 0.567ns route)
                                       (45.9% logic, 54.1% route)

=========================================================================
Timing constraint: Default OFFSET IN BEFORE for Clock 't3/q'
  Total number of paths / destination ports: 2 / 2
-------------------------------------------------------------------------
Offset:              0.643ns (Levels of Logic = 1)
  Source:            rst (PAD)
  Destination:       t4/q (FF)
  Destination Clock: t3/q falling

  Data Path: rst to t4/q
                                Gate     Net
    Cell:in->out      fanout   Delay   Delay  Logical Name (Net Name)
    ----------------------------------------  ------------
     IBUF:I->O             4   0.001   0.293  rst_IBUF (rst_IBUF)
     FDRE:R                    0.349          t4/q
    ----------------------------------------
    Total                      0.643ns (0.350ns logic, 0.293ns route)
                                       (54.4% logic, 45.6% route)

=========================================================================
Timing constraint: Default OFFSET IN BEFORE for Clock 't2/q'
  Total number of paths / destination ports: 2 / 2
-------------------------------------------------------------------------
Offset:              0.643ns (Levels of Logic = 1)
  Source:            rst (PAD)
  Destination:       t3/q (FF)
  Destination Clock: t2/q falling

  Data Path: rst to t3/q
                                Gate     Net
    Cell:in->out      fanout   Delay   Delay  Logical Name (Net Name)
    ----------------------------------------  ------------
     IBUF:I->O             4   0.001   0.293  rst_IBUF (rst_IBUF)
     FDRE:R                    0.349          t3/q
    ----------------------------------------
    Total                      0.643ns (0.350ns logic, 0.293ns route)
                                       (54.4% logic, 45.6% route)

=========================================================================
Timing constraint: Default OFFSET IN BEFORE for Clock 't1/q'
  Total number of paths / destination ports: 2 / 2
-------------------------------------------------------------------------
Offset:              0.643ns (Levels of Logic = 1)
  Source:            rst (PAD)
  Destination:       t2/q (FF)
  Destination Clock: t1/q falling

  Data Path: rst to t2/q
                                Gate     Net
    Cell:in->out      fanout   Delay   Delay  Logical Name (Net Name)
    ----------------------------------------  ------------
     IBUF:I->O             4   0.001   0.293  rst_IBUF (rst_IBUF)
     FDRE:R                    0.349          t2/q
    ----------------------------------------
    Total                      0.643ns (0.350ns logic, 0.293ns route)
                                       (54.4% logic, 45.6% route)

=========================================================================
Timing constraint: Default OFFSET IN BEFORE for Clock 'clk'
  Total number of paths / destination ports: 2 / 2
-------------------------------------------------------------------------
Offset:              0.643ns (Levels of Logic = 1)
  Source:            rst (PAD)
  Destination:       t1/q (FF)
  Destination Clock: clk rising

  Data Path: rst to t1/q
                                Gate     Net
    Cell:in->out      fanout   Delay   Delay  Logical Name (Net Name)
    ----------------------------------------  ------------
     IBUF:I->O             4   0.001   0.293  rst_IBUF (rst_IBUF)
     FDRE:R                    0.349          t1/q
    ----------------------------------------
    Total                      0.643ns (0.350ns logic, 0.293ns route)
                                       (54.4% logic, 45.6% route)

=========================================================================
Timing constraint: Default OFFSET OUT AFTER for Clock 't3/q'
  Total number of paths / destination ports: 1 / 1
-------------------------------------------------------------------------
Offset:              0.645ns (Levels of Logic = 1)
  Source:            t4/q (FF)
  Destination:       q<3> (PAD)
  Source Clock:      t3/q falling

  Data Path: t4/q to q<3>
                                Gate     Net
    Cell:in->out      fanout   Delay   Delay  Logical Name (Net Name)
    ----------------------------------------  ------------
     FDRE:C->Q             2   0.361   0.283  t4/q (t4/q)
     OBUF:I->O                 0.000          q_3_OBUF (q<3>)
    ----------------------------------------
    Total                      0.645ns (0.361ns logic, 0.283ns route)
                                       (56.0% logic, 44.0% route)

=========================================================================
Timing constraint: Default OFFSET OUT AFTER for Clock 't2/q'
  Total number of paths / destination ports: 1 / 1
-------------------------------------------------------------------------
Offset:              0.645ns (Levels of Logic = 1)
  Source:            t3/q (FF)
  Destination:       q<2> (PAD)
  Source Clock:      t2/q falling

  Data Path: t3/q to q<2>
                                Gate     Net
    Cell:in->out      fanout   Delay   Delay  Logical Name (Net Name)
    ----------------------------------------  ------------
     FDRE:C->Q             2   0.361   0.283  t3/q (t3/q)
     OBUF:I->O                 0.000          q_2_OBUF (q<2>)
    ----------------------------------------
    Total                      0.645ns (0.361ns logic, 0.283ns route)
                                       (56.0% logic, 44.0% route)

=========================================================================
Timing constraint: Default OFFSET OUT AFTER for Clock 't1/q'
  Total number of paths / destination ports: 1 / 1
-------------------------------------------------------------------------
Offset:              0.645ns (Levels of Logic = 1)
  Source:            t2/q (FF)
  Destination:       q<1> (PAD)
  Source Clock:      t1/q falling

  Data Path: t2/q to q<1>
                                Gate     Net
    Cell:in->out      fanout   Delay   Delay  Logical Name (Net Name)
    ----------------------------------------  ------------
     FDRE:C->Q             2   0.361   0.283  t2/q (t2/q)
     OBUF:I->O                 0.000          q_1_OBUF (q<1>)
    ----------------------------------------
    Total                      0.645ns (0.361ns logic, 0.283ns route)
                                       (56.0% logic, 44.0% route)

=========================================================================
Timing constraint: Default OFFSET OUT AFTER for Clock 'clk'
  Total number of paths / destination ports: 1 / 1
-------------------------------------------------------------------------
Offset:              0.645ns (Levels of Logic = 1)
  Source:            t1/q (FF)
  Destination:       q<0> (PAD)
  Source Clock:      clk rising

  Data Path: t1/q to q<0>
                                Gate     Net
    Cell:in->out      fanout   Delay   Delay  Logical Name (Net Name)
    ----------------------------------------  ------------
     FDRE:C->Q             2   0.361   0.283  t1/q (t1/q)
     OBUF:I->O                 0.000          q_0_OBUF (q<0>)
    ----------------------------------------
    Total                      0.645ns (0.361ns logic, 0.283ns route)
                                       (56.0% logic, 44.0% route)

=========================================================================

Cross Clock Domains Report:
--------------------------

Clock to Setup on destination clock clk
---------------+---------+---------+---------+---------+
               | Src:Rise| Src:Fall| Src:Rise| Src:Fall|
Source Clock   |Dest:Rise|Dest:Rise|Dest:Fall|Dest:Fall|
---------------+---------+---------+---------+---------+
clk            |    1.049|         |         |         |
---------------+---------+---------+---------+---------+

Clock to Setup on destination clock t1/q
---------------+---------+---------+---------+---------+
               | Src:Rise| Src:Fall| Src:Rise| Src:Fall|
Source Clock   |Dest:Rise|Dest:Rise|Dest:Fall|Dest:Fall|
---------------+---------+---------+---------+---------+
t1/q           |         |         |    1.049|         |
---------------+---------+---------+---------+---------+

Clock to Setup on destination clock t2/q
---------------+---------+---------+---------+---------+
               | Src:Rise| Src:Fall| Src:Rise| Src:Fall|
Source Clock   |Dest:Rise|Dest:Rise|Dest:Fall|Dest:Fall|
---------------+---------+---------+---------+---------+
t2/q           |         |         |    1.049|         |
---------------+---------+---------+---------+---------+

Clock to Setup on destination clock t3/q
---------------+---------+---------+---------+---------+
               | Src:Rise| Src:Fall| Src:Rise| Src:Fall|
Source Clock   |Dest:Rise|Dest:Rise|Dest:Fall|Dest:Fall|
---------------+---------+---------+---------+---------+
t3/q           |         |         |    1.045|         |
---------------+---------+---------+---------+---------+

=========================================================================


Total REAL time to Xst completion: 35.00 secs
Total CPU time to Xst completion: 34.87 secs
 
--> 

Total memory usage is 4728248 kilobytes

Number of errors   :    0 (   0 filtered)
Number of warnings :    0 (   0 filtered)
Number of infos    :    1 (   0 filtered)

