Running: C:\Xilinx\14.7\ISE_DS\ISE\bin\nt64\unwrapped\fuse.exe -intstyle ise -incremental -lib unisims_ver -lib unimacro_ver -lib xilinxcorelib_ver -lib secureip -o C:/Users/Bhagya Anil/OneDrive/Desktop/Verilog/Asynch_counter/Asynch_counter_tb_isim_beh.exe -prj C:/Users/Bhagya Anil/OneDrive/Desktop/Verilog/Asynch_counter/Asynch_counter_tb_beh.prj work.Asynch_counter_tb work.glbl 
ISim P.20131013 (signature 0x7708f090)
Number of CPUs detected in this system: 2
Turning on mult-threading, number of parallel sub-compilation jobs: 4 
Determining compilation order of HDL files
Analyzing Verilog file "C:/Users/Bhagya Anil/OneDrive/Desktop/Verilog/Asynch_counter/Asynch_counter.v" into library work
Analyzing Verilog file "C:/Users/Bhagya Anil/OneDrive/Desktop/Verilog/Asynch_counter/Asynch_counter_tb.v" into library work
Analyzing Verilog file "C:/Xilinx/14.7/ISE_DS/ISE//verilog/src/glbl.v" into library work
Starting static elaboration
Completed static elaboration
Compiling module T_FF
Compiling module Asynch_counter
Compiling module Asynch_counter_tb
Compiling module glbl
Time Resolution for simulation is 1ps.
Waiting for 4 sub-compilation(s) to finish...
Compiled 4 Verilog Units
Built simulation executable C:/Users/Bhagya Anil/OneDrive/Desktop/Verilog/Asynch_counter/Asynch_counter_tb_isim_beh.exe
Fuse Memory Usage: 28096 KB
Fuse CPU Usage: 734 ms
